<?xml version="1.0" encoding="UTF-8"?>
<!-- Generated by org.testng.reporters.JUnitReportReporter -->
<testsuite hostname="LAPTOP-43J3MGE8" failures="0" tests="2" name="cucumberOptions.RunnerClass" time="69.940" errors="0" timestamp="2023-01-05T17:12:14 IST" skipped="0">
  <testcase classname="cucumberOptions.RunnerClass" name="runScenario" time="40.403"/>
  <system-out/>
  <testcase classname="cucumberOptions.RunnerClass" name="runScenario" time="29.537"/>
  <system-out/>
</testsuite> <!-- cucumberOptions.RunnerClass -->
